This is pdfTeX, Version 3.14159265-2.6-1.40.17 (MiKTeX 2.9 64-bit) (preloaded format=pdflatex 2016.7.4)  6 SEP 2016 17:10
entering extended mode
**./chapter4.tex
(chapter4.tex
LaTeX2e <2016/03/31>
Babel <3.9r> and hyphenation patterns for 75 language(s) loaded.
! Undefined control sequence.
l.1 \chapter
            {Ordinamento}
The control sequence at the end of the top line
of your error message was never \def'ed. If you have
misspelled it (e.g., `\hobx'), type `I' and the correct
spelling (e.g., `I\hbox'). Otherwise just continue,
and I'll forget about whatever was undefined.


! LaTeX Error: Missing \begin{document}.

See the LaTeX manual or LaTeX Companion for explanation.
Type  H <return>  for immediate help.
 ...                                              
                                                  
l.1 \chapter{O
              rdinamento}
You're in trouble here.  Try typing  <return>  to proceed.
If that doesn't work, type  X <return>  to quit.

Missing character: There is no O in font nullfont!
Missing character: There is no r in font nullfont!
Missing character: There is no d in font nullfont!
Missing character: There is no i in font nullfont!
Missing character: There is no n in font nullfont!
Missing character: There is no a in font nullfont!
Missing character: There is no m in font nullfont!
Missing character: There is no e in font nullfont!
Missing character: There is no n in font nullfont!
Missing character: There is no t in font nullfont!
Missing character: There is no o in font nullfont!
! Undefined control sequence.
l.2 \section
            {QuickSort}
The control sequence at the end of the top line
of your error message was never \def'ed. If you have
misspelled it (e.g., `\hobx'), type `I' and the correct
spelling (e.g., `I\hbox'). Otherwise just continue,
and I'll forget about whatever was undefined.

Missing character: There is no Q in font nullfont!
Missing character: There is no u in font nullfont!
Missing character: There is no i in font nullfont!
Missing character: There is no c in font nullfont!
Missing character: There is no k in font nullfont!
Missing character: There is no S in font nullfont!
Missing character: There is no o in font nullfont!
Missing character: There is no r in font nullfont!
Missing character: There is no t in font nullfont!

Overfull \hbox (20.0pt too wide) in paragraph at lines 1--3
[] 
 []


Overfull \hbox (120.74895pt too wide) in paragraph at lines 20--20
[]\OT1/cmtt/m/n/10 --Quicksort Sequenziale[] 
 []


Overfull \hbox (167.99854pt too wide) in paragraph at lines 20--20
[]\OT1/cmtt/m/n/10 quicksort :: Ord a => [a] -> [a][] 
 []


Overfull \hbox (89.24922pt too wide) in paragraph at lines 20--20
[]\OT1/cmtt/m/n/10 quicksort [] = [][] 
 []


Overfull \hbox (236.24794pt too wide) in paragraph at lines 20--20
[]\OT1/cmtt/m/n/10 quicksort (x:xs) = left ++ [x] ++ right where[] 
 []


Overfull \hbox (199.49826pt too wide) in paragraph at lines 20--20
[]\OT1/cmtt/m/n/10 left = quicksort [a | a <- xs, a <= x][] 
 []


Overfull \hbox (199.49826pt too wide) in paragraph at lines 20--20
[]\OT1/cmtt/m/n/10 right = quicksort [a | a <- xs, a > x][] 
 []


Overfull \hbox (110.24904pt too wide) in paragraph at lines 20--20
[]\OT1/cmtt/m/n/10 --Quicksort Parallelo[] 
 []


Overfull \hbox (183.7484pt too wide) in paragraph at lines 20--20
[]\OT1/cmtt/m/n/10 parquicksort :: Ord a => [a] -> [a][] 
 []


Overfull \hbox (104.99908pt too wide) in paragraph at lines 20--20
[]\OT1/cmtt/m/n/10 parquicksort [] = [][] 
 []


Overfull \hbox (367.4968pt too wide) in paragraph at lines 20--20
[]\OT1/cmtt/m/n/10 parquicksort (x:xs) = (left `par` right) `pseq` (left ++ [x]
 ++ right)[] 
 []


Overfull \hbox (26.24977pt too wide) in paragraph at lines 20--20
[]\OT1/cmtt/m/n/10 where[] 
 []


Overfull \hbox (215.24812pt too wide) in paragraph at lines 20--20
[]\OT1/cmtt/m/n/10 left = parquicksort [a | a <- xs, a <= x][] 
 []


Overfull \hbox (215.24812pt too wide) in paragraph at lines 20--20
[]\OT1/cmtt/m/n/10 right = parquicksort [a | a <- xs, a > x][] 
 []


! LaTeX Error: The font size command \normalsize is not defined:
               there is probably something wrong with the class file.

See the LaTeX manual or LaTeX Companion for explanation.
Type  H <return>  for immediate help.
 ...                                              
                                                  
l.21 \newpage
             
Your command was ignored.
Type  I <command> <return>  to replace it with another command,
or  <return>  to continue without it.

[1{C:/ProgramData/MiKTeX/2.9/pdftex/config/pdftex.map}]
! Undefined control sequence.
l.22 \section
             {Mergesort}
The control sequence at the end of the top line
of your error message was never \def'ed. If you have
misspelled it (e.g., `\hobx'), type `I' and the correct
spelling (e.g., `I\hbox'). Otherwise just continue,
and I'll forget about whatever was undefined.

Missing character: There is no M in font nullfont!
Missing character: There is no e in font nullfont!
Missing character: There is no r in font nullfont!
Missing character: There is no g in font nullfont!
Missing character: There is no e in font nullfont!
Missing character: There is no s in font nullfont!
Missing character: There is no o in font nullfont!
Missing character: There is no r in font nullfont!
Missing character: There is no t in font nullfont!

Overfull \hbox (20.0pt too wide) in paragraph at lines 22--23
[] 
 []


Overfull \hbox (110.24904pt too wide) in paragraph at lines 58--58
[]\OT1/cmtt/m/n/10 --Funzioni ausiliarie[] 
 []


Overfull \hbox (183.7484pt too wide) in paragraph at lines 58--58
[]\OT1/cmtt/m/n/10 merge :: Ord a => [a] -> [a] -> [a][] 
 []


Overfull \hbox (83.99927pt too wide) in paragraph at lines 58--58
[]\OT1/cmtt/m/n/10 merge xs [] = xs[] 
 []


Overfull \hbox (83.99927pt too wide) in paragraph at lines 58--58
[]\OT1/cmtt/m/n/10 merge [] ys = ys[] 
 []


Overfull \hbox (99.74913pt too wide) in paragraph at lines 58--58
[]\OT1/cmtt/m/n/10 merge (x:xs) (y:ys)[] 
 []


Overfull \hbox (157.49863pt too wide) in paragraph at lines 58--58
[]\OT1/cmtt/m/n/10 | x <= y = x:(merge xs (y:ys))[] 
 []


Overfull \hbox (173.24849pt too wide) in paragraph at lines 58--58
[]\OT1/cmtt/m/n/10 | otherwise = y:(merge (x:xs) ys)[] 
 []


Overfull \hbox (115.499pt too wide) in paragraph at lines 58--58
[]\OT1/cmtt/m/n/10 forceList :: [a] -> ()[] 
 []


Overfull \hbox (89.24922pt too wide) in paragraph at lines 58--58
[]\OT1/cmtt/m/n/10 forceList [] = ()[] 
 []


Overfull \hbox (220.49808pt too wide) in paragraph at lines 58--58
[]\OT1/cmtt/m/n/10 forceList (x:xs) = x `pseq` (forceList xs)[] 
 []


Overfull \hbox (120.74895pt too wide) in paragraph at lines 58--58
[]\OT1/cmtt/m/n/10 --Mergesort Sequenziale[] 
 []


Overfull \hbox (167.99854pt too wide) in paragraph at lines 58--58
[]\OT1/cmtt/m/n/10 mergesort :: Ord a => [a] -> [a][] 
 []


Overfull \hbox (89.24922pt too wide) in paragraph at lines 58--58
[]\OT1/cmtt/m/n/10 mergesort [] = [][] 
 []


Overfull \hbox (99.74913pt too wide) in paragraph at lines 58--58
[]\OT1/cmtt/m/n/10 mergesort [x] = [x][] 
 []


Overfull \hbox (288.74748pt too wide) in paragraph at lines 58--58
[]\OT1/cmtt/m/n/10 mergesort xs = merge (mergesort left) (mergesort right)[] 
 []


Overfull \hbox (26.24977pt too wide) in paragraph at lines 58--58
[]\OT1/cmtt/m/n/10 where[] 
 []


Overfull \hbox (146.99872pt too wide) in paragraph at lines 58--58
[]\OT1/cmtt/m/n/10 (left, right) = splitAt l xs[] 
 []


Overfull \hbox (110.24904pt too wide) in paragraph at lines 58--58
[]\OT1/cmtt/m/n/10 l = div (length xs) 2[] 
 []


Overfull \hbox (110.24904pt too wide) in paragraph at lines 58--58
[]\OT1/cmtt/m/n/10 --Mergesort Parallelo[] 
 []


Overfull \hbox (183.7484pt too wide) in paragraph at lines 58--58
[]\OT1/cmtt/m/n/10 parmergesort :: Ord a => [a] -> [a][] 
 []


Overfull \hbox (104.99908pt too wide) in paragraph at lines 58--58
[]\OT1/cmtt/m/n/10 parmergesort [] = [][] 
 []


Overfull \hbox (115.499pt too wide) in paragraph at lines 58--58
[]\OT1/cmtt/m/n/10 parmergesort [x] = [x][] 
 []


Overfull \hbox (451.49606pt too wide) in paragraph at lines 58--58
[]\OT1/cmtt/m/n/10 parmergesort xs = ((forceList left) `par` (forceList right))
 `pseq` (merge left right)[] 
 []


Overfull \hbox (26.24977pt too wide) in paragraph at lines 58--58
[]\OT1/cmtt/m/n/10 where[] 
 []


Overfull \hbox (157.49863pt too wide) in paragraph at lines 58--58
[]\OT1/cmtt/m/n/10 (left1, right1) = splitAt l xs[] 
 []


Overfull \hbox (110.24904pt too wide) in paragraph at lines 58--58
[]\OT1/cmtt/m/n/10 l = div (length xs) 2[] 
 []


Overfull \hbox (131.24886pt too wide) in paragraph at lines 58--58
[]\OT1/cmtt/m/n/10 left = parmergesort left1[] 
 []


Overfull \hbox (141.74876pt too wide) in paragraph at lines 58--58
[]\OT1/cmtt/m/n/10 right = parmergesort right1[] 
 []

! Undefined control sequence.
l.59 \chapter
             {Algebra Lineare}
The control sequence at the end of the top line
of your error message was never \def'ed. If you have
misspelled it (e.g., `\hobx'), type `I' and the correct
spelling (e.g., `I\hbox'). Otherwise just continue,
and I'll forget about whatever was undefined.

Missing character: There is no A in font nullfont!
Missing character: There is no l in font nullfont!
Missing character: There is no g in font nullfont!
Missing character: There is no e in font nullfont!
Missing character: There is no b in font nullfont!
Missing character: There is no r in font nullfont!
Missing character: There is no a in font nullfont!
Missing character: There is no L in font nullfont!
Missing character: There is no i in font nullfont!
Missing character: There is no n in font nullfont!
Missing character: There is no e in font nullfont!
Missing character: There is no a in font nullfont!
Missing character: There is no r in font nullfont!
Missing character: There is no e in font nullfont!

Overfull \hbox (99.74913pt too wide) in paragraph at lines 125--125
[]\OT1/cmtt/m/n/10 module Matrix where[] 
 []


Overfull \hbox (83.99927pt too wide) in paragraph at lines 125--125
[]\OT1/cmtt/m/n/10 import Data.List[] 
 []


Overfull \hbox (104.99908pt too wide) in paragraph at lines 125--125
[]\OT1/cmtt/m/n/10 import System.Random[] 
 []


Overfull \hbox (83.99927pt too wide) in paragraph at lines 125--125
[]\OT1/cmtt/m/n/10 import System.IO[] 
 []


Overfull \hbox (120.74895pt too wide) in paragraph at lines 125--125
[]\OT1/cmtt/m/n/10 import Control.Parallel[] 
 []


Overfull \hbox (178.49844pt too wide) in paragraph at lines 125--125
[]\OT1/cmtt/m/n/10 import Control.Parallel.Strategies[] 
 []


Overfull \hbox (115.499pt too wide) in paragraph at lines 125--125
[]\OT1/cmtt/m/n/10 type Vector = [Double][] 
 []


Overfull \hbox (115.499pt too wide) in paragraph at lines 125--125
[]\OT1/cmtt/m/n/10 type Matrix = [Vector][] 
 []


Overfull \hbox (125.9989pt too wide) in paragraph at lines 125--125
[]\OT1/cmtt/m/n/10 makeMat :: Int -> Matrix[] 
 []


Overfull \hbox (299.24739pt too wide) in paragraph at lines 125--125
[]\OT1/cmtt/m/n/10 makeMat n = replicate n [1.0..t] where t = fromIntegral n[] 

 []


Overfull \hbox (209.99817pt too wide) in paragraph at lines 125--125
[]\OT1/cmtt/m/n/10 zeroes n = replicate n (replicate n 0.0)[] 
 []


Overfull \hbox (131.24886pt too wide) in paragraph at lines 125--125
[]\OT1/cmtt/m/n/10 identity :: Int -> Matrix[] 
 []


Overfull \hbox (136.49881pt too wide) in paragraph at lines 125--125
[]\OT1/cmtt/m/n/10 identity n = identity2 n 0[] 
 []


Overfull \hbox (173.24849pt too wide) in paragraph at lines 125--125
[]\OT1/cmtt/m/n/10 identity2 :: Int -> Int -> Matrix[] 
 []


Overfull \hbox (68.2494pt too wide) in paragraph at lines 125--125
[]\OT1/cmtt/m/n/10 identity2 n m[] 
 []


Overfull \hbox (68.2494pt too wide) in paragraph at lines 125--125
[]\OT1/cmtt/m/n/10 | n == m = [][] 
 []


Overfull \hbox (461.99597pt too wide) in paragraph at lines 125--125
[]\OT1/cmtt/m/n/10 | otherwise = [((replicate m 0) ++ [1] ++ (replicate (n-m-1)
 0))] ++ (identity2 n (m+1))[] 
 []


Overfull \hbox (188.99835pt too wide) in paragraph at lines 125--125
[]\OT1/cmtt/m/n/10 --operazioni sequenziali tra matrici[] 
 []


Overfull \hbox (204.74821pt too wide) in paragraph at lines 125--125
[]\OT1/cmtt/m/n/10 sumVector :: Vector -> Vector -> Vector[] 
 []


Overfull \hbox (230.99799pt too wide) in paragraph at lines 125--125
[]\OT1/cmtt/m/n/10 sumVector v1 v2 = [a + b | a <- v1, b <- v2][] 
 []


Overfull \hbox (204.74821pt too wide) in paragraph at lines 125--125
[]\OT1/cmtt/m/n/10 subVector :: Vector -> Vector -> Vector[] 
 []


Overfull \hbox (230.99799pt too wide) in paragraph at lines 125--125
[]\OT1/cmtt/m/n/10 subVector v1 v2 = [a - b | a <- v1, b <- v2][] 
 []


Overfull \hbox (188.99835pt too wide) in paragraph at lines 125--125
[]\OT1/cmtt/m/n/10 scalar :: Vector -> Vector -> Double[] 
 []


Overfull \hbox (178.49844pt too wide) in paragraph at lines 125--125
[]\OT1/cmtt/m/n/10 scalar a b = sum (zipWith (*) a b)[] 
 []


Overfull \hbox (204.74821pt too wide) in paragraph at lines 125--125
[]\OT1/cmtt/m/n/10 sumMatrix :: Matrix -> Matrix -> Matrix[] 
 []


Overfull \hbox (173.24849pt too wide) in paragraph at lines 125--125
[]\OT1/cmtt/m/n/10 sumMatrix = zipWith (zipWith (+))[] 
 []


Overfull \hbox (204.74821pt too wide) in paragraph at lines 125--125
[]\OT1/cmtt/m/n/10 subMatrix :: Matrix -> Matrix -> Matrix[] 
 []


Overfull \hbox (173.24849pt too wide) in paragraph at lines 125--125
[]\OT1/cmtt/m/n/10 subMatrix = zipWith (zipWith (-))[] 
 []


Overfull \hbox (209.99817pt too wide) in paragraph at lines 125--125
[]\OT1/cmtt/m/n/10 prodMatrix :: Matrix -> Matrix -> Matrix[] 
 []


Overfull \hbox (299.24739pt too wide) in paragraph at lines 125--125
[]\OT1/cmtt/m/n/10 prodMatrix m1 m2 = [[scalar a b | b <- column] | a <- m1][] 

 []


Overfull \hbox (230.99799pt too wide) in paragraph at lines 125--125
[]                 \OT1/cmtt/m/n/10 where column = transpose m2[] 
 []


Overfull \hbox (188.99835pt too wide) in paragraph at lines 125--125
[]\OT1/cmtt/m/n/10 powMatrix :: Matrix -> Int -> Matrix[] 
 []


Overfull \hbox (267.74767pt too wide) in paragraph at lines 125--125
[]\OT1/cmtt/m/n/10 powMatrix m 0 = (identity dim) where dim = length m[] 
 []


Overfull \hbox (89.24922pt too wide) in paragraph at lines 125--125
[]\OT1/cmtt/m/n/10 powMatrix m 1 = m[] 
 []


Overfull \hbox (251.9978pt too wide) in paragraph at lines 125--125
[]\OT1/cmtt/m/n/10 powMatrix m n = prodMatrix m (powMatrix m (n-1))[] 
 []


Overfull \hbox (178.49844pt too wide) in paragraph at lines 125--125
[]\OT1/cmtt/m/n/10 --operazioni parallele tra matrici[] 
 []


Overfull \hbox (204.74821pt too wide) in paragraph at lines 125--125
[]\OT1/cmtt/m/n/10 sumMatPar :: Matrix -> Matrix -> Matrix[] 
 []


Overfull \hbox (293.99744pt too wide) in paragraph at lines 125--125
[]\OT1/cmtt/m/n/10 sumMatPar a b = (sumMatrix a b) `using` parList rdeepseq[] 
 []


Overfull \hbox (204.74821pt too wide) in paragraph at lines 125--125
[]\OT1/cmtt/m/n/10 subMatPar :: Matrix -> Matrix -> Matrix[] 
 []


Overfull \hbox (293.99744pt too wide) in paragraph at lines 125--125
[]\OT1/cmtt/m/n/10 subMatPar a b = (subMatrix a b) `using` parList rdeepseq[] 
 []


Overfull \hbox (209.99817pt too wide) in paragraph at lines 125--125
[]\OT1/cmtt/m/n/10 prodMatPar :: Matrix -> Matrix -> Matrix[] 
 []


Overfull \hbox (304.49734pt too wide) in paragraph at lines 125--125
[]\OT1/cmtt/m/n/10 prodMatPar a b = (prodMatrix a b) `using` parList rdeepseq[]
 
 []


! LaTeX Error: The font size command \normalsize is not defined:
               there is probably something wrong with the class file.

See the LaTeX manual or LaTeX Companion for explanation.
Type  H <return>  for immediate help.
 ...                                              
                                                  
l.126 \newpage
              
Your command was ignored.
Type  I <command> <return>  to replace it with another command,
or  <return>  to continue without it.

[2]
Overfull \hbox (20.0pt too wide) in paragraph at lines 127--127
[] 
 []


Overfull \hbox (188.99835pt too wide) in paragraph at lines 186--186
[]\OT1/cmtt/m/n/10 powMatPar :: Matrix -> Int -> Matrix[] 
 []


Overfull \hbox (267.74767pt too wide) in paragraph at lines 186--186
[]\OT1/cmtt/m/n/10 powMatPar m 0 = (identity dim) where dim = length m[] 
 []


Overfull \hbox (89.24922pt too wide) in paragraph at lines 186--186
[]\OT1/cmtt/m/n/10 powMatPar m 1 = m[] 
 []


Overfull \hbox (167.99854pt too wide) in paragraph at lines 186--186
[]\OT1/cmtt/m/n/10 powMatPar m n = prodMatPar m ris[] 
 []


Overfull \hbox (26.24977pt too wide) in paragraph at lines 186--186
[]\OT1/cmtt/m/n/10 where[] 
 []


Overfull \hbox (120.74895pt too wide) in paragraph at lines 186--186
[]\OT1/cmtt/m/n/10 ris = powMatPar m (n-1)[] 
 []


Overfull \hbox (73.49936pt too wide) in paragraph at lines 186--186
[]\OT1/cmtt/m/n/10 --determinante[] 
 []


Overfull \hbox (204.74821pt too wide) in paragraph at lines 186--186
[]\OT1/cmtt/m/n/10 deleteColumn :: Matrix -> Int -> Matrix[] 
 []


Overfull \hbox (241.4979pt too wide) in paragraph at lines 186--186
[]\OT1/cmtt/m/n/10 deleteColumn [] _ = error "Error input Matrix"[] 
 []


Overfull \hbox (304.49734pt too wide) in paragraph at lines 186--186
[]\OT1/cmtt/m/n/10 deleteColumn m col = a ++ b where (a, _:b) = splitAt col m[]
 
 []


Overfull \hbox (209.99817pt too wide) in paragraph at lines 186--186
[]\OT1/cmtt/m/n/10 deleteElement :: Vector -> Int -> Vector[] 
 []


Overfull \hbox (404.24648pt too wide) in paragraph at lines 186--186
[]\OT1/cmtt/m/n/10 deleteElement x index = left ++ right where (left, _:right) 
= splitAt index x[] 
 []


Overfull \hbox (188.99835pt too wide) in paragraph at lines 186--186
[]\OT1/cmtt/m/n/10 deleteRow :: Matrix -> Int -> Matrix[] 
 []


Overfull \hbox (225.74803pt too wide) in paragraph at lines 186--186
[]\OT1/cmtt/m/n/10 deleteRow [] _ = error "Error input Matrix"[] 
 []


Overfull \hbox (251.9978pt too wide) in paragraph at lines 186--186
[]\OT1/cmtt/m/n/10 deleteRow m row = [deleteElement x row | x <- m][] 
 []


Overfull \hbox (204.74821pt too wide) in paragraph at lines 186--186
[]\OT1/cmtt/m/n/10 minor :: Matrix -> Int -> Int -> Matrix[] 
 []


Overfull \hbox (215.24812pt too wide) in paragraph at lines 186--186
[]\OT1/cmtt/m/n/10 minor [] _ _ = error "Error input Matrix"[] 
 []


Overfull \hbox (346.49698pt too wide) in paragraph at lines 186--186
[]\OT1/cmtt/m/n/10 minor m row col = deleteRow m1 row where m1 = (deleteColumn 
m col)[] 
 []


Overfull \hbox (120.74895pt too wide) in paragraph at lines 186--186
[]\OT1/cmtt/m/n/10 det :: Matrix -> Double[] 
 []


Overfull \hbox (183.7484pt too wide) in paragraph at lines 186--186
[]\OT1/cmtt/m/n/10 det [] = error "Error input Matrix"[] 
 []


Overfull \hbox (68.2494pt too wide) in paragraph at lines 186--186
[]\OT1/cmtt/m/n/10 det [[x]] = x[] 
 []


Overfull \hbox (561.7451pt too wide) in paragraph at lines 186--186
[]\OT1/cmtt/m/n/10 det m = sum [a*s*(det m1) | i <- [0..dim-1], let a = (head m
 !! i), let m1 = (minor m i 0), let s = (-1)^i][] 
 []


Overfull \hbox (26.24977pt too wide) in paragraph at lines 186--186
[]\OT1/cmtt/m/n/10 where[] 
 []


Overfull \hbox (73.49936pt too wide) in paragraph at lines 186--186
[]\OT1/cmtt/m/n/10 dim = length m[] 
 []


Overfull \hbox (125.9989pt too wide) in paragraph at lines 186--186
[]\OT1/cmtt/m/n/10 --determinante parallelo[] 
 []


Overfull \hbox (141.74876pt too wide) in paragraph at lines 186--186
[]\OT1/cmtt/m/n/10 detList :: Matrix -> Vector[] 
 []


Overfull \hbox (204.74821pt too wide) in paragraph at lines 186--186
[]\OT1/cmtt/m/n/10 detList [] = error "Error input Matrix"[] 
 []


Overfull \hbox (99.74913pt too wide) in paragraph at lines 186--186
[]\OT1/cmtt/m/n/10 detList [[x]] = [x][] 
 []


Overfull \hbox (561.7451pt too wide) in paragraph at lines 186--186
[]\OT1/cmtt/m/n/10 detList m = [a*s*(det m1) | i <- [0..dim-1], let a = (head m
 !! i), let m1 = (minor m i 0), let s = (-1)^i][] 
 []


Overfull \hbox (26.24977pt too wide) in paragraph at lines 186--186
[]\OT1/cmtt/m/n/10 where[] 
 []


Overfull \hbox (73.49936pt too wide) in paragraph at lines 186--186
[]\OT1/cmtt/m/n/10 dim = length m[] 
 []


Overfull \hbox (136.49881pt too wide) in paragraph at lines 186--186
[]\OT1/cmtt/m/n/10 pardet :: Matrix -> Double[] 
 []


Overfull \hbox (257.24776pt too wide) in paragraph at lines 186--186
[]\OT1/cmtt/m/n/10 pardet m = sum ((detList m) `using` parList rpar)[] 
 []


Overfull \hbox (89.24922pt too wide) in paragraph at lines 186--186
[]\OT1/cmtt/m/n/10 --matrice inversa[] 
 []


Overfull \hbox (136.49881pt too wide) in paragraph at lines 186--186
[]\OT1/cmtt/m/n/10 invert :: Matrix -> Matrix[] 
 []


Overfull \hbox (94.49918pt too wide) in paragraph at lines 186--186
[]\OT1/cmtt/m/n/10 invert [[]] = [[]][] 
 []


Overfull \hbox (614.24464pt too wide) in paragraph at lines 186--186
[]\OT1/cmtt/m/n/10 invert m = transpose [[s*(det m1)/d | i <- [0..dim-1], let m
1 = (minor m i j), let s = (-1)^(i+j)] | j <- [0..dim-1]][] 
 []


Overfull \hbox (26.24977pt too wide) in paragraph at lines 186--186
[]\OT1/cmtt/m/n/10 where[] 
 []


Overfull \hbox (73.49936pt too wide) in paragraph at lines 186--186
[]\OT1/cmtt/m/n/10 dim = length m[] 
 []


Overfull \hbox (47.24959pt too wide) in paragraph at lines 186--186
[]\OT1/cmtt/m/n/10 d = det m[] 
 []


Overfull \hbox (141.74876pt too wide) in paragraph at lines 186--186
[]\OT1/cmtt/m/n/10 --matrice inversa parallela[] 
 []


Overfull \hbox (152.24867pt too wide) in paragraph at lines 186--186
[]\OT1/cmtt/m/n/10 parinvert :: Matrix -> Matrix[] 
 []


Overfull \hbox (257.24776pt too wide) in paragraph at lines 186--186
[]\OT1/cmtt/m/n/10 parinvert m = (invert m) `using` parList rdeepseq[] 
 []

)
! Emergency stop.
<*> ./chapter4.tex
                  
*** (job aborted, no legal \end found)

 
Here is how much of TeX's memory you used:
 11 strings out of 493335
 139 string characters out of 3139258
 63211 words of memory out of 3000000
 3637 multiletter control sequences out of 15000+200000
 3808 words of font info for 15 fonts, out of 3000000 for 9000
 1141 hyphenation exceptions out of 8191
 18i,4n,14p,135b,157s stack positions out of 5000i,500n,10000p,200000b,50000s
!  ==> Fatal error occurred, no output PDF file produced!
