\BOOKMARK [-1][-]{part.1}{I\040Calcolo\040Sequenziale}{}% 1
\BOOKMARK [0][-]{chapter.1}{Algoritmi\040sequenziali}{part.1}% 2
\BOOKMARK [1][-]{section.1.1}{Macchina\040di\040Turing\040Deterministica}{chapter.1}% 3
\BOOKMARK [1][-]{section.1.2}{Complessit\340\040sequenziale}{chapter.1}% 4
\BOOKMARK [2][-]{subsection.1.2.1}{Analisi\040Asintotica\040della\040Complessit\340}{section.1.2}% 5
\BOOKMARK [2][-]{subsection.1.2.2}{Efficienza\040degli\040Algoritmi}{section.1.2}% 6
\BOOKMARK [0][-]{chapter.2}{Esempi\040di\040Problemi\040Risolti}{part.1}% 7
\BOOKMARK [1][-]{section.2.1}{Ordinamento}{chapter.2}% 8
\BOOKMARK [1][-]{section.2.2}{Algebra\040Lineare}{chapter.2}% 9
\BOOKMARK [1][-]{section.2.3}{Grafi}{chapter.2}% 10
\BOOKMARK [-1][-]{part.2}{II\040Calcolo\040Parallelo}{}% 11
\BOOKMARK [0][-]{chapter.3}{Gli\040Algoritmi\040Paralleli}{part.2}% 12
\BOOKMARK [1][-]{section.3.1}{La\040macchina\040PRAM}{chapter.3}% 13
\BOOKMARK [1][-]{section.3.2}{Limiti\040della\040Parallelizzazione}{chapter.3}% 14
\BOOKMARK [0][-]{chapter.4}{Esempi\040di\040Problemi\040Paralleli\040Risolti}{part.2}% 15
\BOOKMARK [1][-]{section.4.1}{Ordinamento}{chapter.4}% 16
\BOOKMARK [1][-]{section.4.2}{Algebra\040Lineare}{chapter.4}% 17
\BOOKMARK [1][-]{section.4.3}{Grafi}{chapter.4}% 18
\BOOKMARK [-1][-]{part.3}{III\040Programmazione\040Parallela\040e\040Haskell}{}% 19
\BOOKMARK [0][-]{chapter.5}{Programmazione\040Parallela}{part.3}% 20
\BOOKMARK [1][-]{section.5.1}{Haskell}{chapter.5}% 21
\BOOKMARK [2][-]{subsection.5.1.1}{Introduzione\040al\040linguaggio\040Haskell}{section.5.1}% 22
\BOOKMARK [2][-]{subsection.5.1.2}{Installazione}{section.5.1}% 23
\BOOKMARK [2][-]{subsection.5.1.3}{Perch\351\040Haskell?}{section.5.1}% 24
\BOOKMARK [2][-]{subsection.5.1.4}{Linguaggio\040funzionale:\040un\040linguaggio\040matematicamente\040puro}{section.5.1}% 25
\BOOKMARK [2][-]{subsection.5.1.5}{Parallelismo\040in\040Haskell}{section.5.1}% 26
\BOOKMARK [0][-]{chapter.6}{Parallel\040Haskell}{part.3}% 27
\BOOKMARK [1][-]{section.6.1}{Parallelismo\040puro:\040Control.Parallel}{chapter.6}% 28
\BOOKMARK [2][-]{subsection.6.1.1}{Esempio:\040la\040serie\040di\040Fibonacci}{section.6.1}% 29
\BOOKMARK [1][-]{section.6.2}{Le\040strategie\040di\040calcolo}{chapter.6}% 30
\BOOKMARK [2][-]{subsection.6.2.1}{La\040monade\040Eval}{section.6.2}% 31
\BOOKMARK [2][-]{subsection.6.2.2}{Usare\040le\040strategie}{section.6.2}% 32
\BOOKMARK [2][-]{subsection.6.2.3}{Esempio:\040la\040funzione\040map\040in\040parallelo}{section.6.2}% 33
\BOOKMARK [-1][-]{part.4}{IV\040Implementazione\040in\040Haskell}{}% 34
\BOOKMARK [0][-]{chapter.7}{Problemi\040implementati}{part.4}% 35
\BOOKMARK [1][-]{section.7.1}{Esempi}{chapter.7}% 36
\BOOKMARK [2][-]{subsection.7.1.1}{Modulo\040Esempi}{section.7.1}% 37
\BOOKMARK [2][-]{subsection.7.1.2}{Codice\040di\040Testing}{section.7.1}% 38
\BOOKMARK [1][-]{section.7.2}{Ordinamento}{chapter.7}% 39
\BOOKMARK [2][-]{subsection.7.2.1}{Modulo\040Sorting}{section.7.2}% 40
\BOOKMARK [2][-]{subsection.7.2.2}{Codice\040di\040Testing}{section.7.2}% 41
\BOOKMARK [1][-]{section.7.3}{Algebra\040Lineare}{chapter.7}% 42
\BOOKMARK [2][-]{subsection.7.3.1}{Modulo\040Matrix}{section.7.3}% 43
\BOOKMARK [2][-]{subsection.7.3.2}{Codice\040di\040Testing}{section.7.3}% 44
\BOOKMARK [1][-]{section.7.4}{Grafi}{chapter.7}% 45
\BOOKMARK [2][-]{subsection.7.4.1}{Modulo\040Graph}{section.7.4}% 46
\BOOKMARK [2][-]{subsection.7.4.2}{Codice\040di\040Testing}{section.7.4}% 47
\BOOKMARK [1][-]{section.7.5}{Funzioni\040ausiliarie}{chapter.7}% 48
\BOOKMARK [2][-]{subsection.7.5.1}{Modulo\040Utility}{section.7.5}% 49
